\BOOKMARK [1][-]{section.1}{Introducci\363n}{}% 1
\BOOKMARK [2][-]{subsection.1.1}{Motivaci\363n}{section.1}% 2
\BOOKMARK [2][-]{subsection.1.2}{Alcance}{section.1}% 3
\BOOKMARK [2][-]{subsection.1.3}{Objetivos generales}{section.1}% 4
\BOOKMARK [1][-]{section.2}{Caso de estudio: Oficina de Relaciones Internacionales de la Facultad de Filosof\355a y Letras de la Universidad de Granada}{}% 5
\BOOKMARK [2][-]{subsection.2.1}{Sobre la oficina}{section.2}% 6
\BOOKMARK [2][-]{subsection.2.2}{Servicio al estudiantado}{section.2}% 7
\BOOKMARK [3][-]{subsubsection.2.2.1}{Estudiantes salientes o outcoming}{subsection.2.2}% 8
\BOOKMARK [3][-]{subsubsection.2.2.2}{Estudiantes entrantes o incoming}{subsection.2.2}% 9
\BOOKMARK [2][-]{subsection.2.3}{Servicios al profesorado \(PDI\)}{section.2}% 10
\BOOKMARK [2][-]{subsection.2.4}{Coordinaci\363n con la Oficina de Relaciones Internacionales de la UGR \(ORI\)}{section.2}% 11
\BOOKMARK [2][-]{subsection.2.5}{La base de datos TWINS}{section.2}% 12
\BOOKMARK [3][-]{subsubsection.2.5.1}{El modelo de datos}{subsection.2.5}% 13
\BOOKMARK [3][-]{subsubsection.2.5.2}{Funciones implementadas}{subsection.2.5}% 14
\BOOKMARK [3][-]{subsubsection.2.5.3}{La interfaz de usuario}{subsection.2.5}% 15
\BOOKMARK [2][-]{subsection.2.6}{Estudio de necesidades de la ORI-FyL}{section.2}% 16
\BOOKMARK [1][-]{section.3}{twinX}{}% 17
\BOOKMARK [2][-]{subsection.3.1}{Desarrollo de twinX}{section.3}% 18
\BOOKMARK [3][-]{subsubsection.3.1.1}{Dise\361o centrado en el usuario}{subsection.3.1}% 19
\BOOKMARK [4][-]{paragraph.3.1.1.1}{Pautas de Accesibilidad}{subsubsection.3.1.1}% 20
\BOOKMARK [4][-]{paragraph.3.1.1.2}{Encuesta SUS}{subsubsection.3.1.1}% 21
\BOOKMARK [3][-]{subsubsection.3.1.2}{Design Thinking, DT}{subsection.3.1}% 22
\BOOKMARK [4][-]{paragraph.3.1.2.1}{Las fases del DT}{subsubsection.3.1.2}% 23
\BOOKMARK [4][-]{paragraph.3.1.2.2}{Herramientas del DT}{subsubsection.3.1.2}% 24
\BOOKMARK [3][-]{subsubsection.3.1.3}{Aplicaci\363n de las metodolog\355as}{subsection.3.1}% 25
\BOOKMARK [1][-]{Anexo.alph1.Alph1}{Anexo Reuni\363n de toma de contacto}{}% 26
\BOOKMARK [1][-]{Anexo.alph1.Alph2}{Anexo Reuni\363n de preparaci\363n del proyecto}{}% 27
\BOOKMARK [1][-]{Anexo.alph1.Alph3}{Anexo Reuni\363n de presentaci\363n de TWINS}{}% 28
